[     531ms] [LOG] %c
▲

    ________   _ __ _          ____           __
   /  _/ __/  (_) /( )_____   / __/___ ______/ /_
   / // /_   / / __/// ___/  / /_/ __ `/ ___/ __/
 _/ // __/  / / /_  (__  )  / __/ /_/ (__  ) /_
/___/_/    /_/\__/ /____/  /_/  \__,_/____/\__/
    _ __ _                         _    __                    __
   (_) /( )_____   ____  ____     | |  / /__  _____________  / /
  / / __/// ___/  / __ \/ __ \    | | / / _ \/ ___/ ___/ _ \/ /
 / / /_  (__  )  / /_/ / / / /    | |/ /  __/ /  / /__/  __/ /
/_/\__/ /____/   \____/_/ /_/     |___/\___/_/   \___/\___/_/
  

Hello!

- Open Source https://vercel.com/oss
- Careers https://vercel.com/careers
- Status https://vercel-status.com

 font-family: "Geist Mono", monospace; white-space: pre; line-height: 1; @ https://vercel.com/_next/static/chunks/3vt9z9-00w7jo.js?dpl=dpl_8dq4wa4JiKbhrvU44kJJ1S2VD7do:72
[    1376ms] [ERROR] Failed to load resource: the server responded with a status of 403 () @ https://vercel.com/api/jwt:0
[    1514ms] [WARNING] Deprecated API for given entry type. @ https://vercel.com/_next/static/chunks/0835ycci1b4sv.js?dpl=dpl_8dq4wa4JiKbhrvU44kJJ1S2VD7do:18
[   11105ms] [WARNING] The resource https://vercel.com/_next/static/chunks/2wrkipn0emqw4.css?dpl=dpl_8dq4wa4JiKbhrvU44kJJ1S2VD7do was preloaded using link preload but not used within a few seconds from the window's load event. Please make sure it has an appropriate `as` value and it is preloaded intentionally. @ https://vercel.com/marketplace/supabase:0
[   11105ms] [WARNING] The resource https://vercel.com/_next/static/chunks/10d_gdngwj33l.css?dpl=dpl_8dq4wa4JiKbhrvU44kJJ1S2VD7do was preloaded using link preload but not used within a few seconds from the window's load event. Please make sure it has an appropriate `as` value and it is preloaded intentionally. @ https://vercel.com/marketplace/supabase:0
[   11105ms] [WARNING] The resource https://vercel.com/_next/static/chunks/22i4bs7r9si84.css?dpl=dpl_8dq4wa4JiKbhrvU44kJJ1S2VD7do was preloaded using link preload but not used within a few seconds from the window's load event. Please make sure it has an appropriate `as` value and it is preloaded intentionally. @ https://vercel.com/marketplace/supabase:0
[   11105ms] [WARNING] The resource https://vercel.com/_next/static/chunks/4455ud_azstfi.css?dpl=dpl_8dq4wa4JiKbhrvU44kJJ1S2VD7do was preloaded using link preload but not used within a few seconds from the window's load event. Please make sure it has an appropriate `as` value and it is preloaded intentionally. @ https://vercel.com/marketplace/supabase:0
[   16323ms] [WARNING] The resource https://vercel.com/_next/static/chunks/2wrkipn0emqw4.css?dpl=dpl_8dq4wa4JiKbhrvU44kJJ1S2VD7do was preloaded using link preload but not used within a few seconds from the window's load event. Please make sure it has an appropriate `as` value and it is preloaded intentionally. @ https://vercel.com/marketplace/supabase:0
[   16323ms] [WARNING] The resource https://vercel.com/_next/static/chunks/10d_gdngwj33l.css?dpl=dpl_8dq4wa4JiKbhrvU44kJJ1S2VD7do was preloaded using link preload but not used within a few seconds from the window's load event. Please make sure it has an appropriate `as` value and it is preloaded intentionally. @ https://vercel.com/marketplace/supabase:0
[   16324ms] [WARNING] The resource https://vercel.com/_next/static/chunks/22i4bs7r9si84.css?dpl=dpl_8dq4wa4JiKbhrvU44kJJ1S2VD7do was preloaded using link preload but not used within a few seconds from the window's load event. Please make sure it has an appropriate `as` value and it is preloaded intentionally. @ https://vercel.com/marketplace/supabase:0
[   16324ms] [WARNING] The resource https://vercel.com/_next/static/chunks/4455ud_azstfi.css?dpl=dpl_8dq4wa4JiKbhrvU44kJJ1S2VD7do was preloaded using link preload but not used within a few seconds from the window's load event. Please make sure it has an appropriate `as` value and it is preloaded intentionally. @ https://vercel.com/marketplace/supabase:0
